<?xml version="1.0" encoding="UTF-8"?>
<testng-results ignored="0" total="1" passed="1" failed="0" skipped="0">
  <reporter-output>
  </reporter-output>
  <suite started-at="2024-08-28T12:05:29 IST" name="Default suite" finished-at="2024-08-28T12:06:03 IST" duration-ms="33719">
    <groups>
    </groups>
    <test started-at="2024-08-28T12:05:29 IST" name="Default test" finished-at="2024-08-28T12:06:03 IST" duration-ms="33719">
      <class name="lumafine.Tc_001">
        <test-method is-config="true" signature="beforeClass()[pri:0, instance:lumafine.Tc_001@3cebbb30]" started-at="2024-08-28T12:05:29 IST" name="beforeClass" finished-at="2024-08-28T12:05:48 IST" duration-ms="18613" status="PASS">
          <reporter-output>
          </reporter-output>
        </test-method> <!-- beforeClass -->
        <test-method signature="test()[pri:0, instance:lumafine.Tc_001@3cebbb30]" started-at="2024-08-28T12:05:48 IST" name="test" finished-at="2024-08-28T12:06:03 IST" duration-ms="15045" status="PASS">
          <reporter-output>
          </reporter-output>
        </test-method> <!-- test -->
      </class> <!-- lumafine.Tc_001 -->
    </test> <!-- Default test -->
  </suite> <!-- Default suite -->
</testng-results>
